2016/05/19 23:16:03 INFO  - jmeter.util.JMeterUtils: Setting Locale to it_IT 
2016/05/19 23:16:03 ERROR - jmeter.util.JMeterUtils: Could not find resources for 'it_IT' 
2016/05/19 23:16:03 INFO  - jmeter.JMeter: Loading user properties from: /Users/marco/Documents/jmeter/bin/user.properties 
2016/05/19 23:16:03 INFO  - jmeter.JMeter: Loading system properties from: /Users/marco/Documents/jmeter/bin/system.properties 
2016/05/19 23:16:03 INFO  - jmeter.JMeter: Copyright (c) 1998-2016 The Apache Software Foundation 
2016/05/19 23:16:03 INFO  - jmeter.JMeter: Version 3.0 r1743807 
2016/05/19 23:16:03 INFO  - jmeter.JMeter: java.version=1.8.0_65 
2016/05/19 23:16:03 INFO  - jmeter.JMeter: java.vm.name=Java HotSpot(TM) 64-Bit Server VM 
2016/05/19 23:16:03 INFO  - jmeter.JMeter: os.name=Mac OS X 
2016/05/19 23:16:03 INFO  - jmeter.JMeter: os.arch=x86_64 
2016/05/19 23:16:03 INFO  - jmeter.JMeter: os.version=10.11.1 
2016/05/19 23:16:03 INFO  - jmeter.JMeter: file.encoding=UTF-8 
2016/05/19 23:16:03 INFO  - jmeter.JMeter: Max memory     =514850816 
2016/05/19 23:16:03 INFO  - jmeter.JMeter: Available Processors =8 
2016/05/19 23:16:03 INFO  - jmeter.JMeter: Default Locale=italiano (Italia) 
2016/05/19 23:16:03 INFO  - jmeter.JMeter: JMeter  Locale=italiano (Italia) 
2016/05/19 23:16:03 INFO  - jmeter.JMeter: JMeterHome=/Users/marco/Documents/jmeter 
2016/05/19 23:16:03 INFO  - jmeter.JMeter: user.dir  =/Users/marco/Documents/jmeter-junit 
2016/05/19 23:16:03 INFO  - jmeter.JMeter: PWD       =/Users/marco/Documents/jmeter-junit 
2016/05/19 23:16:03 INFO  - jmeter.JMeter: IP: 192.168.1.154 Name: MacBook-Pro-di-Marco.local FullName: 192.168.1.154 
2016/05/19 23:16:03 INFO  - jmeter.gui.action.LookAndFeelCommand: Using look and feel: com.apple.laf.AquaLookAndFeel [Mac OS X, System] 
2016/05/19 23:16:03 INFO  - jmeter.JMeter: Loaded icon properties from org/apache/jmeter/images/icon.properties 
2016/05/19 23:16:05 INFO  - jmeter.engine.util.CompoundVariable: Note: Function class names must contain the string: '.functions.' 
2016/05/19 23:16:05 INFO  - jmeter.engine.util.CompoundVariable: Note: Function class names must not contain the string: '.gui.' 
2016/05/19 23:16:05 INFO  - jmeter.util.BSFTestElement: Registering JMeter version of JavaScript engine as work-round for BSF-22 
2016/05/19 23:16:06 INFO  - jmeter.protocol.http.sampler.HTTPSamplerBase: Parser for text/html is org.apache.jmeter.protocol.http.parser.LagartoBasedHtmlParser 
2016/05/19 23:16:06 INFO  - jmeter.protocol.http.sampler.HTTPSamplerBase: Parser for application/xhtml+xml is org.apache.jmeter.protocol.http.parser.LagartoBasedHtmlParser 
2016/05/19 23:16:06 INFO  - jmeter.protocol.http.sampler.HTTPSamplerBase: Parser for application/xml is org.apache.jmeter.protocol.http.parser.LagartoBasedHtmlParser 
2016/05/19 23:16:06 INFO  - jmeter.protocol.http.sampler.HTTPSamplerBase: Parser for text/xml is org.apache.jmeter.protocol.http.parser.LagartoBasedHtmlParser 
2016/05/19 23:16:06 INFO  - jmeter.protocol.http.sampler.HTTPSamplerBase: Parser for text/vnd.wap.wml is org.apache.jmeter.protocol.http.parser.RegexpHTMLParser 
2016/05/19 23:16:06 INFO  - jmeter.protocol.http.sampler.HTTPSamplerBase: Parser for text/css is org.apache.jmeter.protocol.http.parser.CssParser 
2016/05/19 23:16:07 INFO  - jorphan.exec.KeyToolUtils: keytool found at 'keytool' 
2016/05/19 23:16:07 INFO  - jmeter.protocol.http.proxy.ProxyControl: HTTP(S) Test Script Recorder SSL Proxy will use keys that support embedded 3rd party resources in file /Users/marco/Documents/jmeter/bin/proxyserver.jks 
2016/05/19 23:16:07 INFO  - jmeter.gui.util.MenuFactory: Skipping org.apache.jmeter.protocol.mongodb.config.MongoSourceElement 
2016/05/19 23:16:07 INFO  - jmeter.gui.util.MenuFactory: Skipping org.apache.jmeter.protocol.mongodb.sampler.MongoScriptSampler 
2016/05/19 23:16:07 INFO  - jmeter.gui.util.MenuFactory: Skipping org.apache.jmeter.visualizers.DistributionGraphVisualizer 
2016/05/19 23:16:07 INFO  - jmeter.samplers.SampleResult: Note: Sample TimeStamps are START times 
2016/05/19 23:16:07 INFO  - jmeter.samplers.SampleResult: sampleresult.default.encoding is set to ISO-8859-1 
2016/05/19 23:16:07 INFO  - jmeter.samplers.SampleResult: sampleresult.useNanoTime=true 
2016/05/19 23:16:07 INFO  - jmeter.samplers.SampleResult: sampleresult.nanoThreadSleep=5000 
2016/05/19 23:16:07 INFO  - jmeter.gui.util.MenuFactory: Skipping org.apache.jmeter.visualizers.SplineVisualizer 
2016/05/19 23:16:10 INFO  - jmeter.services.FileServer: Default base='/Users/marco/Documents/jmeter-junit' 
2016/05/19 23:16:10 INFO  - jmeter.gui.action.Load: Loading file: /Users/marco/Documents/jmeter-junit/JUnit_Requests.jmx 
2016/05/19 23:16:10 INFO  - jmeter.services.FileServer: Set new base='/Users/marco/Documents/jmeter-junit' 
2016/05/19 23:16:10 INFO  - jmeter.save.SaveService: Testplan (JMX) version: 2.2. Testlog (JTL) version: 2.2 
2016/05/19 23:16:10 INFO  - jmeter.save.SaveService: Using SaveService properties file encoding UTF-8 
2016/05/19 23:16:10 INFO  - jmeter.save.SaveService: Using SaveService properties version 2.9 
2016/05/19 23:16:10 INFO  - jmeter.save.SaveService: All converter versions present and correct 
2016/05/19 23:16:10 INFO  - jmeter.save.SaveService: Loading file: /Users/marco/Documents/jmeter-junit/JUnit_Requests.jmx 
2016/05/19 23:16:10 INFO  - jmeter.services.FileServer: Set new base='/Users/marco/Documents/jmeter-junit' 
2016/05/19 23:16:21 INFO  - jmeter.engine.StandardJMeterEngine: Running the test! 
2016/05/19 23:16:21 INFO  - jmeter.samplers.SampleEvent: List of sample_variables: [] 
2016/05/19 23:16:21 INFO  - jmeter.samplers.SampleEvent: List of sample_variables: [] 
2016/05/19 23:16:21 WARN  - jmeter.reporters.ResultCollector: Error creating directories for /Users/marcoscoppetta/Desktop 
2016/05/19 23:16:21 INFO  - jmeter.gui.util.JMeterMenuBar: setRunning(true,*local*) 
2016/05/19 23:16:21 INFO  - jmeter.engine.StandardJMeterEngine: Starting ThreadGroup: 1 : Moogi users 
2016/05/19 23:16:21 INFO  - jmeter.engine.StandardJMeterEngine: Starting 2 threads for group Moogi users. 
2016/05/19 23:16:21 INFO  - jmeter.engine.StandardJMeterEngine: Thread will continue on error 
2016/05/19 23:16:21 INFO  - jmeter.threads.ThreadGroup: Starting thread group number 1 threads 2 ramp-up 1 perThread 500.0 delayedStart=false 
2016/05/19 23:16:21 INFO  - jmeter.threads.ThreadGroup: Started thread group number 1 
2016/05/19 23:16:21 INFO  - jmeter.engine.StandardJMeterEngine: All thread groups have been started 
2016/05/19 23:16:21 INFO  - jmeter.threads.JMeterThread: Thread started: Moogi users 1-1 
2016/05/19 23:16:21 INFO  - jmeter.protocol.java.sampler.JUnitSampler: Trying to find constructor with one String parameter returned error: co.moogi.apitests.SearchIT.<init>(java.lang.String) 
2016/05/19 23:16:21 INFO  - co.moogi.apitests.RestTestBase: =============================================================== 
2016/05/19 23:16:21 INFO  - co.moogi.apitests.RestTestBase: -------------------- BEFORE CLASS METHOD ---------------------- 
2016/05/19 23:16:21 INFO  - co.moogi.apitests.RestTestBase: =============================================================== 
2016/05/19 23:16:22 INFO  - jmeter.threads.JMeterThread: Thread started: Moogi users 1-2 
2016/05/19 23:16:22 INFO  - jmeter.protocol.java.sampler.JUnitSampler: Trying to find constructor with one String parameter returned error: co.moogi.apitests.SearchIT.<init>(java.lang.String) 
2016/05/19 23:16:22 INFO  - co.moogi.apitests.RestTestBase: =============================================================== 
2016/05/19 23:16:22 INFO  - co.moogi.apitests.RestTestBase: -------------------- BEFORE CLASS METHOD ---------------------- 
2016/05/19 23:16:22 INFO  - co.moogi.apitests.RestTestBase: =============================================================== 
2016/05/19 23:16:24 INFO  - jmeter.threads.JMeterThread: Thread is done: Moogi users 1-1 
2016/05/19 23:16:24 INFO  - jmeter.threads.JMeterThread: Thread is done: Moogi users 1-2 
2016/05/19 23:16:24 INFO  - jmeter.threads.JMeterThread: Thread finished: Moogi users 1-1 
2016/05/19 23:16:24 INFO  - jmeter.threads.JMeterThread: Thread finished: Moogi users 1-2 
2016/05/19 23:16:24 INFO  - jmeter.engine.StandardJMeterEngine: Notifying test listeners of end of test 
2016/05/19 23:16:24 INFO  - jmeter.gui.util.JMeterMenuBar: setRunning(false,*local*) 
2016/05/19 23:16:33 INFO  - jmeter.engine.StandardJMeterEngine: Running the test! 
2016/05/19 23:16:33 INFO  - jmeter.samplers.SampleEvent: List of sample_variables: [] 
2016/05/19 23:16:33 WARN  - jmeter.reporters.ResultCollector: Error creating directories for /Users/marcoscoppetta/Desktop 
2016/05/19 23:16:33 INFO  - jmeter.gui.util.JMeterMenuBar: setRunning(true,*local*) 
2016/05/19 23:16:33 INFO  - jmeter.engine.StandardJMeterEngine: Starting ThreadGroup: 1 : Moogi users 
2016/05/19 23:16:33 INFO  - jmeter.engine.StandardJMeterEngine: Starting 2 threads for group Moogi users. 
2016/05/19 23:16:33 INFO  - jmeter.engine.StandardJMeterEngine: Thread will continue on error 
2016/05/19 23:16:33 INFO  - jmeter.threads.ThreadGroup: Starting thread group number 1 threads 2 ramp-up 1 perThread 500.0 delayedStart=false 
2016/05/19 23:16:33 INFO  - jmeter.threads.JMeterThread: Thread started: Moogi users 1-1 
2016/05/19 23:16:33 INFO  - jmeter.protocol.java.sampler.JUnitSampler: Trying to find constructor with one String parameter returned error: co.moogi.apitests.SearchIT.<init>(java.lang.String) 
2016/05/19 23:16:33 INFO  - jmeter.threads.ThreadGroup: Started thread group number 1 
2016/05/19 23:16:33 INFO  - jmeter.engine.StandardJMeterEngine: All thread groups have been started 
2016/05/19 23:16:33 INFO  - co.moogi.apitests.RestTestBase: =============================================================== 
2016/05/19 23:16:33 INFO  - co.moogi.apitests.RestTestBase: -------------------- BEFORE CLASS METHOD ---------------------- 
2016/05/19 23:16:33 INFO  - co.moogi.apitests.RestTestBase: =============================================================== 
2016/05/19 23:16:33 INFO  - jmeter.threads.JMeterThread: Thread is done: Moogi users 1-1 
2016/05/19 23:16:33 INFO  - jmeter.threads.JMeterThread: Thread finished: Moogi users 1-1 
2016/05/19 23:16:33 INFO  - jmeter.threads.JMeterThread: Thread started: Moogi users 1-2 
2016/05/19 23:16:33 INFO  - jmeter.protocol.java.sampler.JUnitSampler: Trying to find constructor with one String parameter returned error: co.moogi.apitests.SearchIT.<init>(java.lang.String) 
2016/05/19 23:16:33 INFO  - co.moogi.apitests.RestTestBase: =============================================================== 
2016/05/19 23:16:33 INFO  - co.moogi.apitests.RestTestBase: -------------------- BEFORE CLASS METHOD ---------------------- 
2016/05/19 23:16:33 INFO  - co.moogi.apitests.RestTestBase: =============================================================== 
2016/05/19 23:16:33 INFO  - jmeter.threads.JMeterThread: Thread is done: Moogi users 1-2 
2016/05/19 23:16:33 INFO  - jmeter.threads.JMeterThread: Thread finished: Moogi users 1-2 
2016/05/19 23:16:33 INFO  - jmeter.engine.StandardJMeterEngine: Notifying test listeners of end of test 
2016/05/19 23:16:33 INFO  - jmeter.gui.util.JMeterMenuBar: setRunning(false,*local*) 
